This is pdfTeX, Version 3.1415926-1.40.10 (MiKTeX 2.8) (preloaded format=pdflatex 2009.11.30)  3 DEC 2009 15:24
entering extended mode
**C:/Users/Chris/Documents/G52GRP/digichef/digichef/docs/report/interim/2009-09
-09-minutes.tex

(C:/Users/Chris/Documents/G52GRP/digichef/digichef/docs/report/interim/2009-09-
09-minutes.tex
LaTeX2e <2009/09/24>
Babel <v3.8l> and hyphenation patterns for english, dumylang, nohyphenation, ge
rman, ngerman, german-x-2009-06-19, ngerman-x-2009-06-19, french, loaded.

! LaTeX Error: Missing \begin{document}.

See the LaTeX manual or LaTeX Companion for explanation.
Type  H <return>  for immediate help.
 ...                                              
                                                  
l.1 \textbf{G52GRP- Digital Chef}
                                  \\
? 
! Emergency stop.
 ...                                              
                                                  
l.1 \textbf{G52GRP- Digital Chef}
                                  \\
You're in trouble here.  Try typing  <return>  to proceed.
If that doesn't work, type  X <return>  to quit.

 
Here is how much of TeX's memory you used:
 8 strings out of 495285
 485 string characters out of 3180393
 45037 words of memory out of 3000000
 3306 multiletter control sequences out of 15000+200000
 3640 words of font info for 14 fonts, out of 3000000 for 9000
 14 hyphenation exceptions out of 8191
 8i,0n,5p,128b,14s stack positions out of 5000i,500n,10000p,200000b,50000s
!  ==> Fatal error occurred, no output PDF file produced!
