This is pdfTeX, Version 3.1415926-1.40.10 (MiKTeX 2.8) (preloaded format=pdflatex 2009.11.30)  3 DEC 2009 16:36
entering extended mode
**C:/Users/Chris/Documents/G52GRP/digichef/digichef/docs/report/interim/Interim
.tex

(C:/Users/Chris/Documents/G52GRP/digichef/digichef/docs/report/interim/Interim.
tex
LaTeX2e <2009/09/24>
Babel <v3.8l> and hyphenation patterns for english, dumylang, nohyphenation, ge
rman, ngerman, german-x-2009-06-19, ngerman-x-2009-06-19, french, loaded.
("C:\Program Files\MiKTeX 2.8\tex\latex\base\article.cls"
Document Class: article 2007/10/19 v1.4h Standard LaTeX document class
("C:\Program Files\MiKTeX 2.8\tex\latex\base\size12.clo"
File: size12.clo 2007/10/19 v1.4h Standard LaTeX file (size option)
)
\c@part=\count79
\c@section=\count80
\c@subsection=\count81
\c@subsubsection=\count82
\c@paragraph=\count83
\c@subparagraph=\count84
\c@figure=\count85
\c@table=\count86
\abovecaptionskip=\skip41
\belowcaptionskip=\skip42
\bibindent=\dimen102
)
("C:\Program Files\MiKTeX 2.8\tex\latex\ltxmisc\url.sty"
\Urlmuskip=\muskip10
Package: url 2006/04/12  ver 3.3  Verb mode for urls, etc.
)
("C:\Program Files\MiKTeX 2.8\tex\latex\graphics\graphicx.sty"
Package: graphicx 1999/02/16 v1.0f Enhanced LaTeX Graphics (DPC,SPQR)

("C:\Program Files\MiKTeX 2.8\tex\latex\graphics\keyval.sty"
Package: keyval 1999/03/16 v1.13 key=value parser (DPC)
\KV@toks@=\toks14
)
("C:\Program Files\MiKTeX 2.8\tex\latex\graphics\graphics.sty"
Package: graphics 2009/02/05 v1.0o Standard LaTeX Graphics (DPC,SPQR)

("C:\Program Files\MiKTeX 2.8\tex\latex\graphics\trig.sty"
Package: trig 1999/03/16 v1.09 sin cos tan (DPC)
)
("C:\Program Files\MiKTeX 2.8\tex\latex\00miktex\graphics.cfg"
File: graphics.cfg 2007/01/18 v1.5 graphics configuration of teTeX/TeXLive
)
Package graphics Info: Driver file: pdftex.def on input line 91.

("C:\Program Files\MiKTeX 2.8\tex\latex\pdftex-def\pdftex.def"
File: pdftex.def 2009/08/25 v0.04m Graphics/color for pdfTeX
\Gread@gobject=\count87
))
\Gin@req@height=\dimen103
\Gin@req@width=\dimen104
)
(C:\Users\Chris\Documents\G52GRP\digichef\digichef\docs\report\interim\Interim.
aux)
LaTeX Font Info:    Checking defaults for OML/cmm/m/it on input line 23.
LaTeX Font Info:    ... okay on input line 23.
LaTeX Font Info:    Checking defaults for T1/cmr/m/n on input line 23.
LaTeX Font Info:    ... okay on input line 23.
LaTeX Font Info:    Checking defaults for OT1/cmr/m/n on input line 23.
LaTeX Font Info:    ... okay on input line 23.
LaTeX Font Info:    Checking defaults for OMS/cmsy/m/n on input line 23.
LaTeX Font Info:    ... okay on input line 23.
LaTeX Font Info:    Checking defaults for OMX/cmex/m/n on input line 23.
LaTeX Font Info:    ... okay on input line 23.
LaTeX Font Info:    Checking defaults for U/cmr/m/n on input line 23.
LaTeX Font Info:    ... okay on input line 23.
 ("C:\Program Files\MiKTeX 2.8\tex\context\base\supp-pdf.tex"
[Loading MPS to PDF converter (version 2006.09.02).]
\scratchcounter=\count88
\scratchdimen=\dimen105
\scratchbox=\box26
\nofMPsegments=\count89
\nofMParguments=\count90
\everyMPshowfont=\toks15
\MPscratchCnt=\count91
\MPscratchDim=\dimen106
\MPnumerator=\count92
\everyMPtoPDFconversion=\toks16
)
LaTeX Font Info:    External font `cmex10' loaded for size
(Font)              <14.4> on input line 24.
LaTeX Font Info:    External font `cmex10' loaded for size
(Font)              <7> on input line 24.
LaTeX Font Info:    External font `cmex10' loaded for size
(Font)              <5> on input line 24.

(C:\Users\Chris\Documents\G52GRP\digichef\digichef\docs\report\interim\Interim.
toc
LaTeX Font Info:    External font `cmex10' loaded for size
(Font)              <12> on input line 4.
LaTeX Font Info:    External font `cmex10' loaded for size
(Font)              <8> on input line 4.
LaTeX Font Info:    External font `cmex10' loaded for size
(Font)              <6> on input line 4.
 [1

{C:/ProgramData/MiKTeX/2.8/pdftex/config/pdftex.map}])
\tf@toc=\write3
 [2]
(C:\Users\Chris\Documents\G52GRP\digichef\digichef\docs\report\interim\the_prob
lem.tex) [3]
(C:\Users\Chris\Documents\G52GRP\digichef\digichef\docs\report\interim\expanded
_problem_description.tex
Missing character: There is no ‚ in font cmr12!
Missing character: There is no Ä in font cmr12!
Missing character: There is no ô in font cmr12!
Missing character: There is no ‚ in font cmr12!
Missing character: There is no Ä in font cmr12!
Missing character: There is no ò in font cmr12!
Missing character: There is no ‚ in font cmr12!
Missing character: There is no Ä in font cmr12!
Missing character: There is no ô in font cmr12!
Missing character: There is no ‚ in font cmr12!
Missing character: There is no Ä in font cmr12!
Missing character: There is no ò in font cmr12!
Missing character: There is no ‚ in font cmr12!
Missing character: There is no Ä in font cmr12!
Missing character: There is no ô in font cmr12!
Missing character: There is no ‚ in font cmr12!
Missing character: There is no Ä in font cmr12!
Missing character: There is no ò in font cmr12!
Missing character: There is no ‚ in font cmr12!
Missing character: There is no Ä in font cmr12!
Missing character: There is no ô in font cmr12!
Missing character: There is no ‚ in font cmr12!
Missing character: There is no Ä in font cmr12!
Missing character: There is no ò in font cmr12!
Missing character: There is no ‚ in font cmr12!
Missing character: There is no Ä in font cmr12!
Missing character: There is no ô in font cmr12!
Missing character: There is no ‚ in font cmr12!
Missing character: There is no Ä in font cmr12!
Missing character: There is no ô in font cmr12!
) [4]
(C:\Users\Chris\Documents\G52GRP\digichef\digichef\docs\report\interim\research
.tex <screenshot_bbc_recipes.png, id=24, 644.4075pt x 479.7925pt>
File: screenshot_bbc_recipes.png Graphic file (type png)

<use screenshot_bbc_recipes.png>
Missing character: There is no ‚ in font cmr12!
Missing character: There is no Ä in font cmr12!
Missing character: There is no ô in font cmr12!
Missing character: There is no ‚ in font cmr12!
Missing character: There is no Ä in font cmr12!
Missing character: There is no ò in font cmr12!
Missing character: There is no ‚ in font cmr12!
Missing character: There is no Ä in font cmr12!
Missing character: There is no ô in font cmr12!
Missing character: There is no ‚ in font cmr12!
Missing character: There is no Ä in font cmr12!
Missing character: There is no ò in font cmr12!
Missing character: There is no ‚ in font cmr12!
Missing character: There is no Ä in font cmr12!
Missing character: There is no ô in font cmr12!
Missing character: There is no ‚ in font cmr12!
Missing character: There is no Ä in font cmr12!
Missing character: There is no ò in font cmr12!
Missing character: There is no ‚ in font cmr12!
Missing character: There is no Ä in font cmr12!
Missing character: There is no ô in font cmr12!
Missing character: There is no ‚ in font cmr12!
Missing character: There is no Ä in font cmr12!
Missing character: There is no ò in font cmr12!
Missing character: There is no ‚ in font cmr12!
Missing character: There is no Ä in font cmr12!
Missing character: There is no ô in font cmr12!
Missing character: There is no ‚ in font cmr12!
Missing character: There is no Ä in font cmr12!
Missing character: There is no ô in font cmr12!
Missing character: There is no ‚ in font cmr12!
Missing character: There is no Ä in font cmr12!
Missing character: There is no ò in font cmr12!
Missing character: There is no ‚ in font cmr12!
Missing character: There is no Ä in font cmr12!
Missing character: There is no ô in font cmr12!
Missing character: There is no ‚ in font cmr12!
Missing character: There is no Ä in font cmr12!
Missing character: There is no ò in font cmr12!
Missing character: There is no ‚ in font cmr12!
Missing character: There is no Ä in font cmr12!
Missing character: There is no ô in font cmr12!
Missing character: There is no ‚ in font cmr12!
Missing character: There is no Ä in font cmr12!
Missing character: There is no ò in font cmr12!
Missing character: There is no ‚ in font cmr12!
Missing character: There is no Ä in font cmr12!
Missing character: There is no ô in font cmr12!
 [5 <C:/Users/Chris/Documents/G52GRP/digichef/digichef/docs/report/interim/scre
enshot_bbc_recipes.png>]
Missing character: There is no ‚ in font cmr12!
Missing character: There is no Ä in font cmr12!
Missing character: There is no ô in font cmr12!
Missing character: There is no ‚ in font cmr12!
Missing character: There is no Ä in font cmr12!
Missing character: There is no ô in font cmr12!

<screenshot_recipezaar.png, id=28, 973.6375pt x 609.27625pt>
File: screenshot_recipezaar.png Graphic file (type png)

<use screenshot_recipezaar.png>
Missing character: There is no ‚ in font cmr12!
Missing character: There is no Ä in font cmr12!
Missing character: There is no ò in font cmr12!
Missing character: There is no ‚ in font cmr12!
Missing character: There is no Ä in font cmr12!
Missing character: There is no ô in font cmr12!
Missing character: There is no ‚ in font cmr12!
Missing character: There is no Ä in font cmr12!
Missing character: There is no ò in font cmr12!
Missing character: There is no ‚ in font cmr12!
Missing character: There is no Ä in font cmr12!
Missing character: There is no ô in font cmr12!
Missing character: There is no ‚ in font cmr12!
Missing character: There is no Ä in font cmr12!
Missing character: There is no ò in font cmr12!
Missing character: There is no ‚ in font cmr12!
Missing character: There is no Ä in font cmr12!
Missing character: There is no ô in font cmr12!
Missing character: There is no ‚ in font cmr12!
Missing character: There is no Ä in font cmr12!
Missing character: There is no ò in font cmr12!
Missing character: There is no ‚ in font cmr12!
Missing character: There is no Ä in font cmr12!
Missing character: There is no ô in font cmr12!
Missing character: There is no ‚ in font cmr12!
Missing character: There is no Ä in font cmr12!
Missing character: There is no ô in font cmr12!
Missing character: There is no ‚ in font cmr12!
Missing character: There is no Ä in font cmr12!
Missing character: There is no ò in font cmr12!
Missing character: There is no ‚ in font cmr12!
Missing character: There is no Ä in font cmr12!
Missing character: There is no ô in font cmr12!
Missing character: There is no ‚ in font cmr12!
Missing character: There is no Ä in font cmr12!
Missing character: There is no ô in font cmr12!
Missing character: There is no ‚ in font cmr12!
Missing character: There is no Ä in font cmr12!
Missing character: There is no ô in font cmr12!
Missing character: There is no ‚ in font cmr12!
Missing character: There is no Ä in font cmr12!
Missing character: There is no ò in font cmr12!
Missing character: There is no ‚ in font cmr12!
Missing character: There is no Ä in font cmr12!
Missing character: There is no ô in font cmr12!
 [6 <C:/Users/Chris/Documents/G52GRP/digichef/digichef/docs/report/interim/scre
enshot_recipezaar.png>]) [7]
(C:\Users\Chris\Documents\G52GRP\digichef\digichef\docs\report\interim\technica
l_research.tex
Missing character: There is no ‚ in font cmr12!
Missing character: There is no Ä in font cmr12!
Missing character: There is no ô in font cmr12!
 [8]
LaTeX Font Info:    Try loading font information for OMS+cmr on input line 25.
 ("C:\Program Files\MiKTeX 2.8\tex\latex\base\omscmr.fd"
File: omscmr.fd 1999/05/25 v2.5h Standard LaTeX font definitions
)
LaTeX Font Info:    Font shape `OMS/cmr/m/n' in size <12> not available
(Font)              Font shape `OMS/cmsy/m/n' tried instead on input line 25.

[9]) [10]
(C:\Users\Chris\Documents\G52GRP\digichef\digichef\docs\report\interim\product_
spec.tex [11]) [12]
(C:\Users\Chris\Documents\G52GRP\digichef\digichef\docs\report\interim\initial_
design.tex <home_page.png, id=51, 905.3825pt x 547.04375pt>
File: home_page.png Graphic file (type png)

<use home_page.png>
Missing character: There is no ‚ in font cmr12!
Missing character: There is no Ä in font cmr12!
Missing character: There is no ú in font cmr12!
Missing character: There is no ‚ in font cmr12!
Missing character: There is no Ä in font cmr12!
Missing character: There is no ù in font cmr12!
 <recipe_list_page.png, id=53, 833.1125pt x 574.145pt>
File: recipe_list_page.png Graphic file (type png)

<use recipe_list_page.png> <recipe_page.png, id=54, 933.4875pt x 555.07375pt>
File: recipe_page.png Graphic file (type png)

<use recipe_page.png> [13 <C:/Users/Chris/Documents/G52GRP/digichef/digichef/do
cs/report/interim/home_page.png>] [14 <C:/Users/Chris/Documents/G52GRP/digichef
/digichef/docs/report/interim/recipe_list_page.png (PNG copy)> <C:/Users/Chris/
Documents/G52GRP/digichef/digichef/docs/report/interim/recipe_page.png (PNG cop
y)>]) [15]
(C:\Users\Chris\Documents\G52GRP\digichef\digichef\docs\report\interim\implemen
tation_options.tex
Missing character: There is no ‚ in font cmr12!
Missing character: There is no Ä in font cmr12!
Missing character: There is no ò in font cmr12!
Missing character: There is no ‚ in font cmr12!
Missing character: There is no Ä in font cmr12!
Missing character: There is no ô in font cmr12!
) [16]
(C:\Users\Chris\Documents\G52GRP\digichef\digichef\docs\report\interim\implemen
tation_decisions.tex
LaTeX Font Info:    Font shape `OT1/cmtt/bx/n' in size <12> not available
(Font)              Font shape `OT1/cmtt/m/n' tried instead on input line 37.
 [17] [18]) [19]
(C:\Users\Chris\Documents\G52GRP\digichef\digichef\docs\report\interim\collab_f
iltering.tex [20] [21] [22]) [23] [24]
(C:\Users\Chris\Documents\G52GRP\digichef\digichef\docs\report\interim\results.
tex <result_1.png, id=95, 900.36375pt x 589.20125pt>
File: result_1.png Graphic file (type png)
 <use result_1.png>
<result_2.png, id=96, 675.27281pt x 458.46281pt>
File: result_2.png Graphic file (type png)
 <use result_2.png>
<result_3.png, id=97, 676.02562pt x 458.46281pt>
File: result_3.png Graphic file (type png)
 <use result_3.png>) [25 <C:/Users/Chris/Documents/G52GRP/digichef/digichef/doc
s/report/interim/result_1.png (PNG copy)>] [26 <C:/Users/Chris/Documents/G52GRP
/digichef/digichef/docs/report/interim/result_2.png (PNG copy)> <C:/Users/Chris
/Documents/G52GRP/digichef/digichef/docs/report/interim/result_3.png (PNG copy)
>]
(C:\Users\Chris\Documents\G52GRP\digichef\digichef\docs\report\interim\timescal
e.tex <timescale.png, id=105, 814.04124pt x 513.92pt>
File: timescale.png Graphic file (type png)
 <use timescale.png>
Missing character: There is no ‚ in font cmr12!
Missing character: There is no Ä in font cmr12!
Missing character: There is no ú in font cmr12!
Missing character: There is no ‚ in font cmr12!
Missing character: There is no Ä in font cmr12!
Missing character: There is no ù in font cmr12!

[27 <C:/Users/Chris/Documents/G52GRP/digichef/digichef/docs/report/interim/time
scale.png (PNG copy)>] [28])
(C:\Users\Chris\Documents\G52GRP\digichef\digichef\docs\report\interim\MInutes_
compiled.tex
(C:\Users\Chris\Documents\G52GRP\digichef\digichef\docs\report\interim\Minutes1
4.09.tex
Missing character: There is no ‚ in font cmr12!
Missing character: There is no Ä in font cmr12!
Missing character: There is no ô in font cmr12!
Missing character: There is no ‚ in font cmr12!
Missing character: There is no Ä in font cmr12!
Missing character: There is no ô in font cmr12!
Missing character: There is no ‚ in font cmr12!
Missing character: There is no Ä in font cmr12!
Missing character: There is no ô in font cmr12!
 [29]
Missing character: There is no ‚ in font cmr12!
Missing character: There is no Ä in font cmr12!
Missing character: There is no î in font cmr12!
Missing character: There is no ‚ in font cmr12!
Missing character: There is no Ä in font cmr12!
Missing character: There is no ò in font cmr12!
Missing character: There is no ‚ in font cmr12!
Missing character: There is no Ä in font cmr12!
Missing character: There is no ô in font cmr12!
) [30]
(C:\Users\Chris\Documents\G52GRP\digichef\digichef\docs\report\interim\Minutes0
7.10.tex
Missing character: There is no ‚ in font cmr12!
Missing character: There is no Ä in font cmr12!
Missing character: There is no ú in font cmr12!
Missing character: There is no ‚ in font cmr12!
Missing character: There is no Ä in font cmr12!
Missing character: There is no ù in font cmr12!
) [31]
(C:\Users\Chris\Documents\G52GRP\digichef\digichef\docs\report\interim\Minutes0
9.10.tex) [32]
(C:\Users\Chris\Documents\G52GRP\digichef\digichef\docs\report\interim\Minutes2
1.10.tex) [33]
(C:\Users\Chris\Documents\G52GRP\digichef\digichef\docs\report\interim\Minutes1
1.11.tex) [34]
(C:\Users\Chris\Documents\G52GRP\digichef\digichef\docs\report\interim\Minutes1
8.11v2.tex) [35])
(C:\Users\Chris\Documents\G52GRP\digichef\digichef\docs\report\interim\Interim.
aux) ) 
Here is how much of TeX's memory you used:
 1123 strings out of 495285
 17756 string characters out of 3180393
 64568 words of memory out of 3000000
 4297 multiletter control sequences out of 15000+200000
 9492 words of font info for 34 fonts, out of 3000000 for 9000
 14 hyphenation exceptions out of 8191
 29i,11n,20p,1036b,318s stack positions out of 5000i,500n,10000p,200000b,50000s
<C:/Program Files/MiKTeX 2.8/fonts/type1/public/amsfonts/cm/cmbx12.pfb><C
:/Program Files/MiKTeX 2.8/fonts/type1/public/amsfonts/cm/cmr10.pfb><C:/Program
 Files/MiKTeX 2.8/fonts/type1/public/amsfonts/cm/cmr12.pfb><C:/Program Files/Mi
KTeX 2.8/fonts/type1/public/amsfonts/cm/cmr17.pfb><C:/Program Files/MiKTeX 2.8/
fonts/type1/public/amsfonts/cm/cmr7.pfb><C:/Program Files/MiKTeX 2.8/fonts/type
1/public/amsfonts/cm/cmr8.pfb><C:/Program Files/MiKTeX 2.8/fonts/type1/public/a
msfonts/cm/cmsy10.pfb><C:/Program Files/MiKTeX 2.8/fonts/type1/public/amsfonts/
cm/cmsy7.pfb><C:/Program Files/MiKTeX 2.8/fonts/type1/public/amsfonts/cm/cmti12
.pfb><C:/Program Files/MiKTeX 2.8/fonts/type1/public/amsfonts/cm/cmtt10.pfb><C:
/Program Files/MiKTeX 2.8/fonts/type1/public/amsfonts/cm/cmtt12.pfb>
Output written on Interim.pdf (35 pages, 2168689 bytes).
PDF statistics:
 169 PDF objects out of 1000 (max. 8388607)
 0 named destinations out of 1000 (max. 500000)
 46 words of extra memory for PDF output out of 10000 (max. 10000000)

